1:main┐basic_verbose_entry::hierarchical-example version=0.1
1:main└┐basic_verbose_entry::hierarchical-example version=0.1
1:main └┐basic_verbose_entry::server host="localhost", port=8080
1:main  ├─  Xms INFO basic_verbose_entry starting
1:main  ├─  Xs  INFO basic_verbose_entry listening
1:main  └┐basic_verbose_entry::server host="localhost", port=8080
1:main   └┐basic_verbose_entry::conn peer_addr="82.9.9.9", port=42381
1:main    ├─  Xms DEBUG basic_verbose_entry connected
1:main    ├─  Xms DEBUG basic_verbose_entry message received, length=2
1:main  ┌─┘
1:main  └┐basic_verbose_entry::server host="localhost", port=8080
1:main   └┐basic_verbose_entry::conn peer_addr="8.8.8.8", port=18230
1:main    ├─  Xms DEBUG basic_verbose_entry connected
1:main  ┌─┘
1:main  └┐basic_verbose_entry::server host="localhost", port=8080
1:main   └┐basic_verbose_entry::foomp 42 <- format string, normal_var=43
1:main    ├─  Xms ERROR basic_verbose_entry hello
1:main  ┌─┘
1:main  └┐basic_verbose_entry::server host="localhost", port=8080
1:main   └┐basic_verbose_entry::conn peer_addr="82.9.9.9", port=42381
1:main    ├─  Xms WARN basic_verbose_entry weak encryption requested, algo="xor"
1:main    ├─  Xms DEBUG basic_verbose_entry response sent, length=8
1:main    ├─  Xms DEBUG basic_verbose_entry disconnected
1:main  ┌─┘
1:main  └┐basic_verbose_entry::server host="localhost", port=8080
1:main   └┐basic_verbose_entry::conn peer_addr="8.8.8.8", port=18230
1:main    ├─  Xms DEBUG basic_verbose_entry message received, length=5
1:main    ├─  Xms DEBUG basic_verbose_entry response sent, length=8
1:main    ├─  Xms DEBUG basic_verbose_entry disconnected
1:main  ┌─┘
1:main  ├─  Xs  WARN basic_verbose_entry internal error
1:main  ├─  Xs  ERROR basic_verbose_entry this is a log message
1:main  ├─  Xs  INFO basic_verbose_entry exit
1:main┌─┘
1:main┘
