1:main┐open(v): concurrent::hierarchical-example version=0.1
1:main│└┐open(v): concurrent::server host="localhost", port=8080
1:main│ ├─  Xms INFO concurrent starting
1:main│ ├─  Xs  INFO concurrent listening
1:main│ ├┐pre_open: concurrent::server host="localhost", port=8080
1:main│ │└┐open(v): concurrent::empty-span 
1:main│ │┌┘close(v): concurrent::empty-span 
1:main│ ├┘post_close: concurrent::server host="localhost", port=8080
1:main│ ├─  Xs  DEBUG concurrent starting countdowns
1:main│ ├┐pre_open: concurrent::server host="localhost", port=8080
1:main│ │└┐open(v): concurrent::countdowns 
1:main│ │ │└┐open(v): concurrent::countdown_a 
1:main│ │ │ ├─  Xms DEBUG concurrent polling countdown, label="a", count=3
1:main│ │ │ ├┐pre_open: concurrent::countdown_a 
1:main│ │ │└┐open(v): concurrent::countdown_b 
1:main│ │ │ ├─  Xms DEBUG concurrent polling countdown, label="b", count=5
1:main│ │ │ ├─  Xms DEBUG concurrent polling countdown, label="b", count=4
1:main│ │ │┌┘close(v): concurrent::countdown_b 
1:main│ │ ├┘post_close: concurrent::countdowns 
1:main│ │ │┌┘close(v): concurrent::countdown_a 
1:main│ │ ├┘post_close: concurrent::countdowns 
1:main│ │┌┘close(v): concurrent::countdowns 
1:main│ ├┘post_close: concurrent::server host="localhost", port=8080
1:main│ ├─  Xs  INFO concurrent finished countdowns
1:main│ ├─  Xs  INFO concurrent exit
1:main│ ├┐pre_open: concurrent::server host="localhost", port=8080
1:main│ │└┐open(v): concurrent::conn peer_addr="82.9.9.9", port=42381
1:main│ │┌┘close(v): concurrent::conn peer_addr="82.9.9.9", port=42381
1:main│ ├┘post_close: concurrent::server host="localhost", port=8080
1:main│┌┘close(v): concurrent::server host="localhost", port=8080
1:main├┘post_close: concurrent::hierarchical-example version=0.1
1:main┘close(v): concurrent::hierarchical-example version=0.1
