1:main no_indent::hierarchical-example
1:main  version=0.1
1:main   no_indent::server
1:main    host="localhost"
1:main    port=8080
1:main    INFO no_indent starting
1:main    INFO no_indent listening
1:main     no_indent::conn
1:main      peer_addr="82.9.9.9"
1:main      port=42381
1:main      DEBUG no_indent connected
1:main      DEBUG no_indent message received
1:main      length=2
1:main     no_indent::conn
1:main      peer_addr="8.8.8.8"
1:main      port=18230
1:main      DEBUG no_indent connected
1:main     no_indent::foomp 42 <- format string
1:main      normal_var=43
1:main      ERROR no_indent hello
1:main     no_indent::conn
1:main      peer_addr="82.9.9.9"
1:main      port=42381
1:main      WARN no_indent weak encryption requested
1:main      algo="xor"
1:main      DEBUG no_indent response sent
1:main      length=8
1:main      DEBUG no_indent disconnected
1:main     no_indent::conn
1:main      peer_addr="8.8.8.8"
1:main      port=18230
1:main      DEBUG no_indent message received
1:main      length=5
1:main      DEBUG no_indent response sent
1:main      length=8
1:main      DEBUG no_indent disconnected
1:main    WARN no_indent internal error
1:main    INFO no_indent exit
