1:mainв”җwraparound::recurse
1:mainв”җ i=0
1:mainв”ңв”Җ  Xms WARN wraparound boop
1:mainв”ңв”Җв”¬в”Җв”¬в”Җ wraparound::recurse
1:mainв”Ӯ в”Ӯ в””в”Җ i=1
1:mainв”Ӯ в”ңв”Җ  Xms WARN wraparound boop
1:mainв”Ӯ в”ңв”Җв”¬в”Җв”¬в”Җ wraparound::recurse
1:mainв”Ӯ в”Ӯ в”Ӯ в””в”Җ i=2
1:mainв”Ӯ в”Ӯ в”ңв”Җ  Xms WARN wraparound boop
1:mainв”Ӯ в”Ӯ в”ңв”Җв”¬в”Җв”¬в”Җ wraparound::recurse
1:mainв”Ӯ в”Ӯ в”Ӯ в”Ӯ в””в”Җ i=3
1:mainв”Ӯ в”Ӯ в”Ӯ в”ңв”Җ  Xms WARN wraparound boop
1:mainв”Ӯ в”Ӯ в”Ӯ в”ңв”Җв”¬в”Җв”¬в”Җ wraparound::recurse
1:mainв”Ӯ в”Ӯ в”Ӯ в”Ӯ в”Ӯ в””в”Җ i=4
1:mainв”Җв”Җв”Җв”Җв”Җв”Җв”Җв”Җв”ҳ
1:main  Xms WARN wraparound boop
1:mainв”җwraparound::recurse
1:mainв”җ i=5
1:mainв”ңв”Җ  Xms WARN wraparound boop
1:mainв”ңв”Җв”¬в”Җв”¬в”Җ wraparound::recurse
1:mainв”Ӯ в”Ӯ в””в”Җ i=6
1:mainв”Ӯ в”ңв”Җ  Xms WARN wraparound boop
1:mainв”Ӯ в”ңв”Җв”¬в”Җв”¬в”Җ wraparound::recurse
1:mainв”Ӯ в”Ӯ в”Ӯ в””в”Җ i=7
1:mainв”Ӯ в”Ӯ в”ңв”Җ  Xms WARN wraparound boop
1:mainв”Ӯ в”Ӯ в”ңв”Җв”¬в”Җв”¬в”Җ wraparound::recurse
1:mainв”Ӯ в”Ӯ в”Ӯ в”Ӯ в””в”Җ i=8
1:mainв”Ӯ в”Ӯ в”Ӯ в”ңв”Җ  Xms WARN wraparound boop
1:mainв”Ӯ в”Ӯ в”Ӯ в”ңв”Җв”¬в”Җв”¬в”Җ wraparound::recurse
1:mainв”Ӯ в”Ӯ в”Ӯ в”Ӯ в”Ӯ в””в”Җ i=9
1:mainв”Җв”Җв”Җв”Җв”Җв”Җв”Җв”Җв”ҳ
1:main  Xms WARN wraparound boop
1:mainв”җwraparound::recurse
1:mainв”җ i=10
1:mainв”ңв”Җ  Xms WARN wraparound boop
1:mainв”ңв”Җв”¬в”Җв”¬в”Җ wraparound::recurse
1:mainв”Ӯ в”Ӯ в””в”Җ i=11
1:mainв”Ӯ в”ңв”Җ  Xms WARN wraparound boop
1:mainв”Ӯ в”ңв”Җв”¬в”Җв”¬в”Җ wraparound::recurse
1:mainв”Ӯ в”Ӯ в”Ӯ в””в”Җ i=12
1:mainв”Ӯ в”Ӯ в”ңв”Җ  Xms WARN wraparound boop
1:mainв”Ӯ в”Ӯ в”ңв”Җв”¬в”Җв”¬в”Җ wraparound::recurse
1:mainв”Ӯ в”Ӯ в”Ӯ в”Ӯ в””в”Җ i=13
1:mainв”Ӯ в”Ӯ в”Ӯ в”ңв”Җ  Xms WARN wraparound boop
1:mainв”Ӯ в”Ӯ в”Ӯ в”ңв”Җв”¬в”Җв”¬в”Җ wraparound::recurse
1:mainв”Ӯ в”Ӯ в”Ӯ в”Ӯ в”Ӯ в””в”Җ i=14
1:mainв”Җв”Җв”Җв”Җв”Җв”Җв”Җв”Җв”ҳ
1:main  Xms WARN wraparound boop
1:mainв”җwraparound::recurse
1:mainв”җ i=15
1:mainв”ңв”Җ  Xms WARN wraparound boop
1:mainв”ңв”Җв”¬в”Җв”¬в”Җ wraparound::recurse
1:mainв”Ӯ в”Ӯ в””в”Җ i=16
1:mainв”Ӯ в”ңв”Җ  Xms WARN wraparound boop
1:mainв”Ӯ в”ңв”Җв”¬в”Җв”¬в”Җ wraparound::recurse
1:mainв”Ӯ в”Ӯ в”Ӯ в””в”Җ i=17
1:mainв”Ӯ в”Ӯ в”ңв”Җ  Xms WARN wraparound boop
1:mainв”Ӯ в”Ӯ в”ңв”Җв”¬в”Җв”¬в”Җ wraparound::recurse
1:mainв”Ӯ в”Ӯ в”Ӯ в”Ӯ в””в”Җ i=18
1:mainв”Ӯ в”Ӯ в”Ӯ в”ңв”Җ  Xms WARN wraparound boop
1:mainв”Ӯ в”Ӯ в”Ӯ в”ңв”Җв”¬в”Җв”¬в”Җ wraparound::recurse
1:mainв”Ӯ в”Ӯ в”Ӯ в”Ӯ в”Ӯ в””в”Җ i=19
1:mainв”Җв”Җв”Җв”Җв”Җв”Җв”Җв”Җв”ҳ
1:main  Xms WARN wraparound boop
1:mainв”җwraparound::recurse
1:mainв”җ i=20
1:mainв”ңв”Җ  Xms WARN wraparound boop
1:mainв”ңв”Җв”¬в”Җв”¬в”Җ wraparound::recurse
1:mainв”Ӯ в”Ӯ в””в”Җ i=21
1:mainв”Ӯ в”ңв”Җ  Xms WARN wraparound boop
1:mainв”Ӯ в”ңв”Җ  Xms WARN wraparound bop
1:mainв”ңв”Җв”ҳ
1:mainв”ңв”Җ  Xms WARN wraparound bop
1:mainв”ҳ
1:main  Xms WARN wraparound bop
1:mainв”Җв”Җв”Җв”Җв”Җв”Җв”Җв”Җв”җ
1:mainв”Ӯ в”Ӯ в”Ӯ в”ңв”Җв”ҳ
1:mainв”Ӯ в”Ӯ в”Ӯ в”ңв”Җ  Xms WARN wraparound bop
1:mainв”Ӯ в”Ӯ в”ңв”Җв”ҳ
1:mainв”Ӯ в”Ӯ в”ңв”Җ  Xms WARN wraparound bop
1:mainв”Ӯ в”ңв”Җв”ҳ
1:mainв”Ӯ в”ңв”Җ  Xms WARN wraparound bop
1:mainв”ңв”Җв”ҳ
1:mainв”ңв”Җ  Xms WARN wraparound bop
1:mainв”ҳ
1:main  Xms WARN wraparound bop
1:mainв”Җв”Җв”Җв”Җв”Җв”Җв”Җв”Җв”җ
1:mainв”Ӯ в”Ӯ в”Ӯ в”ңв”Җв”ҳ
1:mainв”Ӯ в”Ӯ в”Ӯ в”ңв”Җ  Xms WARN wraparound bop
1:mainв”Ӯ в”Ӯ в”ңв”Җв”ҳ
1:mainв”Ӯ в”Ӯ в”ңв”Җ  Xms WARN wraparound bop
1:mainв”Ӯ в”ңв”Җв”ҳ
1:mainв”Ӯ в”ңв”Җ  Xms WARN wraparound bop
1:mainв”ңв”Җв”ҳ
1:mainв”ңв”Җ  Xms WARN wraparound bop
1:mainв”ҳ
1:main  Xms WARN wraparound bop
1:mainв”Җв”Җв”Җв”Җв”Җв”Җв”Җв”Җв”җ
1:mainв”Ӯ в”Ӯ в”Ӯ в”ңв”Җв”ҳ
1:mainв”Ӯ в”Ӯ в”Ӯ в”ңв”Җ  Xms WARN wraparound bop
1:mainв”Ӯ в”Ӯ в”ңв”Җв”ҳ
1:mainв”Ӯ в”Ӯ в”ңв”Җ  Xms WARN wraparound bop
1:mainв”Ӯ в”ңв”Җв”ҳ
1:mainв”Ӯ в”ңв”Җ  Xms WARN wraparound bop
1:mainв”ңв”Җв”ҳ
1:mainв”ңв”Җ  Xms WARN wraparound bop
1:mainв”ҳ
1:main  Xms WARN wraparound bop
1:mainв”Җв”Җв”Җв”Җв”Җв”Җв”Җв”Җв”җ
1:mainв”Ӯ в”Ӯ в”Ӯ в”ңв”Җв”ҳ
1:mainв”Ӯ в”Ӯ в”Ӯ в”ңв”Җ  Xms WARN wraparound bop
1:mainв”Ӯ в”Ӯ в”ңв”Җв”ҳ
1:mainв”Ӯ в”Ӯ в”ңв”Җ  Xms WARN wraparound bop
1:mainв”Ӯ в”ңв”Җв”ҳ
1:mainв”Ӯ в”ңв”Җ  Xms WARN wraparound bop
1:mainв”ңв”Җв”ҳ
1:mainв”ңв”Җ  Xms WARN wraparound bop
1:mainв”ҳ
